<?xml version="1.0" encoding="UTF-8"?>
<testsuite xmlns:xsi="http://www.w3.org/2001/XMLSchema-instance" xsi:noNamespaceSchemaLocation="https://maven.apache.org/surefire/maven-surefire-plugin/xsd/surefire-test-report-3.0.xsd" version="3.0" name="dev.movieproject.movies.MoviesApplicationTests" time="3.056" tests="1" errors="0" skipped="0" failures="0">
  <properties>
    <property name="java.specification.version" value="17"/>
    <property name="sun.jnu.encoding" value="UTF-8"/>
    <property name="java.class.path" value="/home/will/Development/react-java-movies/movies/target/test-classes:/home/will/Development/react-java-movies/movies/target/classes:/home/will/.m2/repository/org/springframework/boot/spring-boot-starter-data-mongodb/3.1.1/spring-boot-starter-data-mongodb-3.1.1.jar:/home/will/.m2/repository/org/springframework/boot/spring-boot-starter/3.1.1/spring-boot-starter-3.1.1.jar:/home/will/.m2/repository/org/springframework/boot/spring-boot-starter-logging/3.1.1/spring-boot-starter-logging-3.1.1.jar:/home/will/.m2/repository/ch/qos/logback/logback-classic/1.4.8/logback-classic-1.4.8.jar:/home/will/.m2/repository/ch/qos/logback/logback-core/1.4.8/logback-core-1.4.8.jar:/home/will/.m2/repository/org/apache/logging/log4j/log4j-to-slf4j/2.20.0/log4j-to-slf4j-2.20.0.jar:/home/will/.m2/repository/org/apache/logging/log4j/log4j-api/2.20.0/log4j-api-2.20.0.jar:/home/will/.m2/repository/org/slf4j/jul-to-slf4j/2.0.7/jul-to-slf4j-2.0.7.jar:/home/will/.m2/repository/jakarta/annotation/jakarta.annotation-api/2.1.1/jakarta.annotation-api-2.1.1.jar:/home/will/.m2/repository/org/yaml/snakeyaml/1.33/snakeyaml-1.33.jar:/home/will/.m2/repository/org/mongodb/mongodb-driver-sync/4.9.1/mongodb-driver-sync-4.9.1.jar:/home/will/.m2/repository/org/mongodb/bson/4.9.1/bson-4.9.1.jar:/home/will/.m2/repository/org/mongodb/mongodb-driver-core/4.9.1/mongodb-driver-core-4.9.1.jar:/home/will/.m2/repository/org/mongodb/bson-record-codec/4.9.1/bson-record-codec-4.9.1.jar:/home/will/.m2/repository/org/springframework/data/spring-data-mongodb/4.1.1/spring-data-mongodb-4.1.1.jar:/home/will/.m2/repository/org/springframework/spring-tx/6.0.10/spring-tx-6.0.10.jar:/home/will/.m2/repository/org/springframework/spring-context/6.0.10/spring-context-6.0.10.jar:/home/will/.m2/repository/org/springframework/spring-beans/6.0.10/spring-beans-6.0.10.jar:/home/will/.m2/repository/org/springframework/spring-expression/6.0.10/spring-expression-6.0.10.jar:/home/will/.m2/repository/org/springframework/data/spring-data-commons/3.1.1/spring-data-commons-3.1.1.jar:/home/will/.m2/repository/org/slf4j/slf4j-api/2.0.7/slf4j-api-2.0.7.jar:/home/will/.m2/repository/org/springframework/boot/spring-boot-starter-web/3.1.1/spring-boot-starter-web-3.1.1.jar:/home/will/.m2/repository/org/springframework/boot/spring-boot-starter-json/3.1.1/spring-boot-starter-json-3.1.1.jar:/home/will/.m2/repository/com/fasterxml/jackson/datatype/jackson-datatype-jdk8/2.15.2/jackson-datatype-jdk8-2.15.2.jar:/home/will/.m2/repository/com/fasterxml/jackson/datatype/jackson-datatype-jsr310/2.15.2/jackson-datatype-jsr310-2.15.2.jar:/home/will/.m2/repository/com/fasterxml/jackson/module/jackson-module-parameter-names/2.15.2/jackson-module-parameter-names-2.15.2.jar:/home/will/.m2/repository/org/springframework/boot/spring-boot-starter-tomcat/3.1.1/spring-boot-starter-tomcat-3.1.1.jar:/home/will/.m2/repository/org/apache/tomcat/embed/tomcat-embed-core/10.1.10/tomcat-embed-core-10.1.10.jar:/home/will/.m2/repository/org/apache/tomcat/embed/tomcat-embed-websocket/10.1.10/tomcat-embed-websocket-10.1.10.jar:/home/will/.m2/repository/org/springframework/spring-web/6.0.10/spring-web-6.0.10.jar:/home/will/.m2/repository/io/micrometer/micrometer-observation/1.11.1/micrometer-observation-1.11.1.jar:/home/will/.m2/repository/io/micrometer/micrometer-commons/1.11.1/micrometer-commons-1.11.1.jar:/home/will/.m2/repository/org/springframework/spring-webmvc/6.0.10/spring-webmvc-6.0.10.jar:/home/will/.m2/repository/org/springframework/boot/spring-boot-devtools/3.1.1/spring-boot-devtools-3.1.1.jar:/home/will/.m2/repository/org/springframework/boot/spring-boot/3.1.1/spring-boot-3.1.1.jar:/home/will/.m2/repository/org/springframework/boot/spring-boot-autoconfigure/3.1.1/spring-boot-autoconfigure-3.1.1.jar:/home/will/.m2/repository/org/projectlombok/lombok/1.18.28/lombok-1.18.28.jar:/home/will/.m2/repository/org/springframework/boot/spring-boot-starter-test/3.1.1/spring-boot-starter-test-3.1.1.jar:/home/will/.m2/repository/org/springframework/boot/spring-boot-test/3.1.1/spring-boot-test-3.1.1.jar:/home/will/.m2/repository/org/springframework/boot/spring-boot-test-autoconfigure/3.1.1/spring-boot-test-autoconfigure-3.1.1.jar:/home/will/.m2/repository/com/jayway/jsonpath/json-path/2.8.0/json-path-2.8.0.jar:/home/will/.m2/repository/net/minidev/json-smart/2.4.11/json-smart-2.4.11.jar:/home/will/.m2/repository/net/minidev/accessors-smart/2.4.11/accessors-smart-2.4.11.jar:/home/will/.m2/repository/org/ow2/asm/asm/9.3/asm-9.3.jar:/home/will/.m2/repository/org/assertj/assertj-core/3.24.2/assertj-core-3.24.2.jar:/home/will/.m2/repository/net/bytebuddy/byte-buddy/1.14.5/byte-buddy-1.14.5.jar:/home/will/.m2/repository/org/hamcrest/hamcrest/2.2/hamcrest-2.2.jar:/home/will/.m2/repository/org/junit/jupiter/junit-jupiter/5.9.3/junit-jupiter-5.9.3.jar:/home/will/.m2/repository/org/junit/jupiter/junit-jupiter-api/5.9.3/junit-jupiter-api-5.9.3.jar:/home/will/.m2/repository/org/opentest4j/opentest4j/1.2.0/opentest4j-1.2.0.jar:/home/will/.m2/repository/org/junit/platform/junit-platform-commons/1.9.3/junit-platform-commons-1.9.3.jar:/home/will/.m2/repository/org/apiguardian/apiguardian-api/1.1.2/apiguardian-api-1.1.2.jar:/home/will/.m2/repository/org/junit/jupiter/junit-jupiter-params/5.9.3/junit-jupiter-params-5.9.3.jar:/home/will/.m2/repository/org/junit/jupiter/junit-jupiter-engine/5.9.3/junit-jupiter-engine-5.9.3.jar:/home/will/.m2/repository/org/junit/platform/junit-platform-engine/1.9.3/junit-platform-engine-1.9.3.jar:/home/will/.m2/repository/org/mockito/mockito-core/5.3.1/mockito-core-5.3.1.jar:/home/will/.m2/repository/net/bytebuddy/byte-buddy-agent/1.14.5/byte-buddy-agent-1.14.5.jar:/home/will/.m2/repository/org/objenesis/objenesis/3.3/objenesis-3.3.jar:/home/will/.m2/repository/org/mockito/mockito-junit-jupiter/5.3.1/mockito-junit-jupiter-5.3.1.jar:/home/will/.m2/repository/org/skyscreamer/jsonassert/1.5.1/jsonassert-1.5.1.jar:/home/will/.m2/repository/com/vaadin/external/google/android-json/0.0.20131108.vaadin1/android-json-0.0.20131108.vaadin1.jar:/home/will/.m2/repository/org/springframework/spring-core/6.0.10/spring-core-6.0.10.jar:/home/will/.m2/repository/org/springframework/spring-jcl/6.0.10/spring-jcl-6.0.10.jar:/home/will/.m2/repository/org/springframework/spring-test/6.0.10/spring-test-6.0.10.jar:/home/will/.m2/repository/org/xmlunit/xmlunit-core/2.9.1/xmlunit-core-2.9.1.jar:/home/will/.m2/repository/org/springframework/security/spring-security-test/6.1.1/spring-security-test-6.1.1.jar:/home/will/.m2/repository/org/springframework/security/spring-security-core/6.1.1/spring-security-core-6.1.1.jar:/home/will/.m2/repository/org/springframework/security/spring-security-crypto/6.1.1/spring-security-crypto-6.1.1.jar:/home/will/.m2/repository/org/springframework/security/spring-security-web/6.1.1/spring-security-web-6.1.1.jar:/home/will/.m2/repository/me/paulschwarz/spring-dotenv/2.5.4/spring-dotenv-2.5.4.jar:/home/will/.m2/repository/io/github/cdimascio/dotenv-java/2.2.3/dotenv-java-2.2.3.jar:/home/will/.m2/repository/org/springframework/boot/spring-boot-starter-security/3.1.1/spring-boot-starter-security-3.1.1.jar:/home/will/.m2/repository/org/springframework/spring-aop/6.0.10/spring-aop-6.0.10.jar:/home/will/.m2/repository/org/springframework/security/spring-security-config/6.1.1/spring-security-config-6.1.1.jar:/home/will/.m2/repository/io/jsonwebtoken/jjwt-api/0.11.5/jjwt-api-0.11.5.jar:/home/will/.m2/repository/io/jsonwebtoken/jjwt-impl/0.11.5/jjwt-impl-0.11.5.jar:/home/will/.m2/repository/io/jsonwebtoken/jjwt-jackson/0.11.5/jjwt-jackson-0.11.5.jar:/home/will/.m2/repository/com/fasterxml/jackson/core/jackson-databind/2.15.2/jackson-databind-2.15.2.jar:/home/will/.m2/repository/com/fasterxml/jackson/core/jackson-annotations/2.15.2/jackson-annotations-2.15.2.jar:/home/will/.m2/repository/com/fasterxml/jackson/core/jackson-core/2.15.2/jackson-core-2.15.2.jar:/home/will/.m2/repository/jakarta/xml/bind/jakarta.xml.bind-api/2.3.2/jakarta.xml.bind-api-2.3.2.jar:/home/will/.m2/repository/jakarta/activation/jakarta.activation-api/2.1.2/jakarta.activation-api-2.1.2.jar:/home/will/.m2/repository/org/glassfish/jaxb/jaxb-runtime/4.0.2/jaxb-runtime-4.0.2.jar:/home/will/.m2/repository/org/glassfish/jaxb/jaxb-core/4.0.3/jaxb-core-4.0.3.jar:/home/will/.m2/repository/org/eclipse/angus/angus-activation/2.0.1/angus-activation-2.0.1.jar:/home/will/.m2/repository/org/glassfish/jaxb/txw2/4.0.3/txw2-4.0.3.jar:/home/will/.m2/repository/com/sun/istack/istack-commons-runtime/4.1.2/istack-commons-runtime-4.1.2.jar:/home/will/.m2/repository/org/springframework/boot/spring-boot-starter-validation/3.1.1/spring-boot-starter-validation-3.1.1.jar:/home/will/.m2/repository/org/apache/tomcat/embed/tomcat-embed-el/10.1.10/tomcat-embed-el-10.1.10.jar:/home/will/.m2/repository/org/hibernate/validator/hibernate-validator/8.0.0.Final/hibernate-validator-8.0.0.Final.jar:/home/will/.m2/repository/jakarta/validation/jakarta.validation-api/3.0.2/jakarta.validation-api-3.0.2.jar:/home/will/.m2/repository/org/jboss/logging/jboss-logging/3.5.1.Final/jboss-logging-3.5.1.Final.jar:/home/will/.m2/repository/com/fasterxml/classmate/1.5.1/classmate-1.5.1.jar:"/>
    <property name="java.vm.vendor" value="Debian"/>
    <property name="sun.arch.data.model" value="64"/>
    <property name="swing.aatext" value="true"/>
    <property name="java.vendor.url" value="https://tracker.debian.org/openjdk-17"/>
    <property name="user.timezone" value="US/Eastern"/>
    <property name="org.jboss.logging.provider" value="slf4j"/>
    <property name="os.name" value="Linux"/>
    <property name="java.vm.specification.version" value="17"/>
    <property name="sun.java.launcher" value="SUN_STANDARD"/>
    <property name="user.country" value="US"/>
    <property name="sun.boot.library.path" value="/usr/lib/jvm/java-17-openjdk-amd64/lib"/>
    <property name="sun.java.command" value="/home/will/Development/react-java-movies/movies/target/surefire/surefirebooter-20230705190535043_3.jar /home/will/Development/react-java-movies/movies/target/surefire 2023-07-05T19-05-34_973-jvmRun1 surefire-20230705190535043_1tmp surefire_0-20230705190535043_2tmp"/>
    <property name="jdk.debug" value="release"/>
    <property name="surefire.test.class.path" value="/home/will/Development/react-java-movies/movies/target/test-classes:/home/will/Development/react-java-movies/movies/target/classes:/home/will/.m2/repository/org/springframework/boot/spring-boot-starter-data-mongodb/3.1.1/spring-boot-starter-data-mongodb-3.1.1.jar:/home/will/.m2/repository/org/springframework/boot/spring-boot-starter/3.1.1/spring-boot-starter-3.1.1.jar:/home/will/.m2/repository/org/springframework/boot/spring-boot-starter-logging/3.1.1/spring-boot-starter-logging-3.1.1.jar:/home/will/.m2/repository/ch/qos/logback/logback-classic/1.4.8/logback-classic-1.4.8.jar:/home/will/.m2/repository/ch/qos/logback/logback-core/1.4.8/logback-core-1.4.8.jar:/home/will/.m2/repository/org/apache/logging/log4j/log4j-to-slf4j/2.20.0/log4j-to-slf4j-2.20.0.jar:/home/will/.m2/repository/org/apache/logging/log4j/log4j-api/2.20.0/log4j-api-2.20.0.jar:/home/will/.m2/repository/org/slf4j/jul-to-slf4j/2.0.7/jul-to-slf4j-2.0.7.jar:/home/will/.m2/repository/jakarta/annotation/jakarta.annotation-api/2.1.1/jakarta.annotation-api-2.1.1.jar:/home/will/.m2/repository/org/yaml/snakeyaml/1.33/snakeyaml-1.33.jar:/home/will/.m2/repository/org/mongodb/mongodb-driver-sync/4.9.1/mongodb-driver-sync-4.9.1.jar:/home/will/.m2/repository/org/mongodb/bson/4.9.1/bson-4.9.1.jar:/home/will/.m2/repository/org/mongodb/mongodb-driver-core/4.9.1/mongodb-driver-core-4.9.1.jar:/home/will/.m2/repository/org/mongodb/bson-record-codec/4.9.1/bson-record-codec-4.9.1.jar:/home/will/.m2/repository/org/springframework/data/spring-data-mongodb/4.1.1/spring-data-mongodb-4.1.1.jar:/home/will/.m2/repository/org/springframework/spring-tx/6.0.10/spring-tx-6.0.10.jar:/home/will/.m2/repository/org/springframework/spring-context/6.0.10/spring-context-6.0.10.jar:/home/will/.m2/repository/org/springframework/spring-beans/6.0.10/spring-beans-6.0.10.jar:/home/will/.m2/repository/org/springframework/spring-expression/6.0.10/spring-expression-6.0.10.jar:/home/will/.m2/repository/org/springframework/data/spring-data-commons/3.1.1/spring-data-commons-3.1.1.jar:/home/will/.m2/repository/org/slf4j/slf4j-api/2.0.7/slf4j-api-2.0.7.jar:/home/will/.m2/repository/org/springframework/boot/spring-boot-starter-web/3.1.1/spring-boot-starter-web-3.1.1.jar:/home/will/.m2/repository/org/springframework/boot/spring-boot-starter-json/3.1.1/spring-boot-starter-json-3.1.1.jar:/home/will/.m2/repository/com/fasterxml/jackson/datatype/jackson-datatype-jdk8/2.15.2/jackson-datatype-jdk8-2.15.2.jar:/home/will/.m2/repository/com/fasterxml/jackson/datatype/jackson-datatype-jsr310/2.15.2/jackson-datatype-jsr310-2.15.2.jar:/home/will/.m2/repository/com/fasterxml/jackson/module/jackson-module-parameter-names/2.15.2/jackson-module-parameter-names-2.15.2.jar:/home/will/.m2/repository/org/springframework/boot/spring-boot-starter-tomcat/3.1.1/spring-boot-starter-tomcat-3.1.1.jar:/home/will/.m2/repository/org/apache/tomcat/embed/tomcat-embed-core/10.1.10/tomcat-embed-core-10.1.10.jar:/home/will/.m2/repository/org/apache/tomcat/embed/tomcat-embed-websocket/10.1.10/tomcat-embed-websocket-10.1.10.jar:/home/will/.m2/repository/org/springframework/spring-web/6.0.10/spring-web-6.0.10.jar:/home/will/.m2/repository/io/micrometer/micrometer-observation/1.11.1/micrometer-observation-1.11.1.jar:/home/will/.m2/repository/io/micrometer/micrometer-commons/1.11.1/micrometer-commons-1.11.1.jar:/home/will/.m2/repository/org/springframework/spring-webmvc/6.0.10/spring-webmvc-6.0.10.jar:/home/will/.m2/repository/org/springframework/boot/spring-boot-devtools/3.1.1/spring-boot-devtools-3.1.1.jar:/home/will/.m2/repository/org/springframework/boot/spring-boot/3.1.1/spring-boot-3.1.1.jar:/home/will/.m2/repository/org/springframework/boot/spring-boot-autoconfigure/3.1.1/spring-boot-autoconfigure-3.1.1.jar:/home/will/.m2/repository/org/projectlombok/lombok/1.18.28/lombok-1.18.28.jar:/home/will/.m2/repository/org/springframework/boot/spring-boot-starter-test/3.1.1/spring-boot-starter-test-3.1.1.jar:/home/will/.m2/repository/org/springframework/boot/spring-boot-test/3.1.1/spring-boot-test-3.1.1.jar:/home/will/.m2/repository/org/springframework/boot/spring-boot-test-autoconfigure/3.1.1/spring-boot-test-autoconfigure-3.1.1.jar:/home/will/.m2/repository/com/jayway/jsonpath/json-path/2.8.0/json-path-2.8.0.jar:/home/will/.m2/repository/net/minidev/json-smart/2.4.11/json-smart-2.4.11.jar:/home/will/.m2/repository/net/minidev/accessors-smart/2.4.11/accessors-smart-2.4.11.jar:/home/will/.m2/repository/org/ow2/asm/asm/9.3/asm-9.3.jar:/home/will/.m2/repository/org/assertj/assertj-core/3.24.2/assertj-core-3.24.2.jar:/home/will/.m2/repository/net/bytebuddy/byte-buddy/1.14.5/byte-buddy-1.14.5.jar:/home/will/.m2/repository/org/hamcrest/hamcrest/2.2/hamcrest-2.2.jar:/home/will/.m2/repository/org/junit/jupiter/junit-jupiter/5.9.3/junit-jupiter-5.9.3.jar:/home/will/.m2/repository/org/junit/jupiter/junit-jupiter-api/5.9.3/junit-jupiter-api-5.9.3.jar:/home/will/.m2/repository/org/opentest4j/opentest4j/1.2.0/opentest4j-1.2.0.jar:/home/will/.m2/repository/org/junit/platform/junit-platform-commons/1.9.3/junit-platform-commons-1.9.3.jar:/home/will/.m2/repository/org/apiguardian/apiguardian-api/1.1.2/apiguardian-api-1.1.2.jar:/home/will/.m2/repository/org/junit/jupiter/junit-jupiter-params/5.9.3/junit-jupiter-params-5.9.3.jar:/home/will/.m2/repository/org/junit/jupiter/junit-jupiter-engine/5.9.3/junit-jupiter-engine-5.9.3.jar:/home/will/.m2/repository/org/junit/platform/junit-platform-engine/1.9.3/junit-platform-engine-1.9.3.jar:/home/will/.m2/repository/org/mockito/mockito-core/5.3.1/mockito-core-5.3.1.jar:/home/will/.m2/repository/net/bytebuddy/byte-buddy-agent/1.14.5/byte-buddy-agent-1.14.5.jar:/home/will/.m2/repository/org/objenesis/objenesis/3.3/objenesis-3.3.jar:/home/will/.m2/repository/org/mockito/mockito-junit-jupiter/5.3.1/mockito-junit-jupiter-5.3.1.jar:/home/will/.m2/repository/org/skyscreamer/jsonassert/1.5.1/jsonassert-1.5.1.jar:/home/will/.m2/repository/com/vaadin/external/google/android-json/0.0.20131108.vaadin1/android-json-0.0.20131108.vaadin1.jar:/home/will/.m2/repository/org/springframework/spring-core/6.0.10/spring-core-6.0.10.jar:/home/will/.m2/repository/org/springframework/spring-jcl/6.0.10/spring-jcl-6.0.10.jar:/home/will/.m2/repository/org/springframework/spring-test/6.0.10/spring-test-6.0.10.jar:/home/will/.m2/repository/org/xmlunit/xmlunit-core/2.9.1/xmlunit-core-2.9.1.jar:/home/will/.m2/repository/org/springframework/security/spring-security-test/6.1.1/spring-security-test-6.1.1.jar:/home/will/.m2/repository/org/springframework/security/spring-security-core/6.1.1/spring-security-core-6.1.1.jar:/home/will/.m2/repository/org/springframework/security/spring-security-crypto/6.1.1/spring-security-crypto-6.1.1.jar:/home/will/.m2/repository/org/springframework/security/spring-security-web/6.1.1/spring-security-web-6.1.1.jar:/home/will/.m2/repository/me/paulschwarz/spring-dotenv/2.5.4/spring-dotenv-2.5.4.jar:/home/will/.m2/repository/io/github/cdimascio/dotenv-java/2.2.3/dotenv-java-2.2.3.jar:/home/will/.m2/repository/org/springframework/boot/spring-boot-starter-security/3.1.1/spring-boot-starter-security-3.1.1.jar:/home/will/.m2/repository/org/springframework/spring-aop/6.0.10/spring-aop-6.0.10.jar:/home/will/.m2/repository/org/springframework/security/spring-security-config/6.1.1/spring-security-config-6.1.1.jar:/home/will/.m2/repository/io/jsonwebtoken/jjwt-api/0.11.5/jjwt-api-0.11.5.jar:/home/will/.m2/repository/io/jsonwebtoken/jjwt-impl/0.11.5/jjwt-impl-0.11.5.jar:/home/will/.m2/repository/io/jsonwebtoken/jjwt-jackson/0.11.5/jjwt-jackson-0.11.5.jar:/home/will/.m2/repository/com/fasterxml/jackson/core/jackson-databind/2.15.2/jackson-databind-2.15.2.jar:/home/will/.m2/repository/com/fasterxml/jackson/core/jackson-annotations/2.15.2/jackson-annotations-2.15.2.jar:/home/will/.m2/repository/com/fasterxml/jackson/core/jackson-core/2.15.2/jackson-core-2.15.2.jar:/home/will/.m2/repository/jakarta/xml/bind/jakarta.xml.bind-api/2.3.2/jakarta.xml.bind-api-2.3.2.jar:/home/will/.m2/repository/jakarta/activation/jakarta.activation-api/2.1.2/jakarta.activation-api-2.1.2.jar:/home/will/.m2/repository/org/glassfish/jaxb/jaxb-runtime/4.0.2/jaxb-runtime-4.0.2.jar:/home/will/.m2/repository/org/glassfish/jaxb/jaxb-core/4.0.3/jaxb-core-4.0.3.jar:/home/will/.m2/repository/org/eclipse/angus/angus-activation/2.0.1/angus-activation-2.0.1.jar:/home/will/.m2/repository/org/glassfish/jaxb/txw2/4.0.3/txw2-4.0.3.jar:/home/will/.m2/repository/com/sun/istack/istack-commons-runtime/4.1.2/istack-commons-runtime-4.1.2.jar:/home/will/.m2/repository/org/springframework/boot/spring-boot-starter-validation/3.1.1/spring-boot-starter-validation-3.1.1.jar:/home/will/.m2/repository/org/apache/tomcat/embed/tomcat-embed-el/10.1.10/tomcat-embed-el-10.1.10.jar:/home/will/.m2/repository/org/hibernate/validator/hibernate-validator/8.0.0.Final/hibernate-validator-8.0.0.Final.jar:/home/will/.m2/repository/jakarta/validation/jakarta.validation-api/3.0.2/jakarta.validation-api-3.0.2.jar:/home/will/.m2/repository/org/jboss/logging/jboss-logging/3.5.1.Final/jboss-logging-3.5.1.Final.jar:/home/will/.m2/repository/com/fasterxml/classmate/1.5.1/classmate-1.5.1.jar:"/>
    <property name="sun.cpu.endian" value="little"/>
    <property name="user.home" value="/home/will"/>
    <property name="user.language" value="en"/>
    <property name="java.specification.vendor" value="Oracle Corporation"/>
    <property name="java.version.date" value="2023-01-17"/>
    <property name="java.home" value="/usr/lib/jvm/java-17-openjdk-amd64"/>
    <property name="file.separator" value="/"/>
    <property name="basedir" value="/home/will/Development/react-java-movies/movies"/>
    <property name="java.vm.compressedOopsMode" value="Zero based"/>
    <property name="line.separator" value="&#10;"/>
    <property name="java.vm.specification.vendor" value="Oracle Corporation"/>
    <property name="java.specification.name" value="Java Platform API Specification"/>
    <property name="FILE_LOG_CHARSET" value="UTF-8"/>
    <property name="java.awt.headless" value="true"/>
    <property name="surefire.real.class.path" value="/home/will/Development/react-java-movies/movies/target/surefire/surefirebooter-20230705190535043_3.jar"/>
    <property name="awt.useSystemAAFontSettings" value="on"/>
    <property name="sun.management.compiler" value="HotSpot 64-Bit Tiered Compilers"/>
    <property name="java.runtime.version" value="17.0.6+10-Debian-1"/>
    <property name="user.name" value="will"/>
    <property name="path.separator" value=":"/>
    <property name="os.version" value="6.1.0-kali9-amd64"/>
    <property name="java.runtime.name" value="OpenJDK Runtime Environment"/>
    <property name="file.encoding" value="UTF-8"/>
    <property name="java.vm.name" value="OpenJDK 64-Bit Server VM"/>
    <property name="localRepository" value="/home/will/.m2/repository"/>
    <property name="java.vendor.url.bug" value="https://bugs.debian.org/openjdk-17"/>
    <property name="java.io.tmpdir" value="/tmp"/>
    <property name="java.version" value="17.0.6"/>
    <property name="user.dir" value="/home/will/Development/react-java-movies/movies"/>
    <property name="os.arch" value="amd64"/>
    <property name="java.vm.specification.name" value="Java Virtual Machine Specification"/>
    <property name="PID" value="247561"/>
    <property name="CONSOLE_LOG_CHARSET" value="UTF-8"/>
    <property name="native.encoding" value="UTF-8"/>
    <property name="java.library.path" value="/usr/java/packages/lib:/usr/lib/x86_64-linux-gnu/jni:/lib/x86_64-linux-gnu:/usr/lib/x86_64-linux-gnu:/usr/lib/jni:/lib:/usr/lib"/>
    <property name="java.vm.info" value="mixed mode, sharing"/>
    <property name="java.vendor" value="Debian"/>
    <property name="java.vm.version" value="17.0.6+10-Debian-1"/>
    <property name="sun.io.unicode.encoding" value="UnicodeLittle"/>
    <property name="java.class.version" value="61.0"/>
  </properties>
  <testcase name="contextLoads" classname="dev.movieproject.movies.MoviesApplicationTests" time="0.563">
    <system-out><![CDATA[19:05:35.597 [main] INFO org.springframework.test.context.support.AnnotationConfigContextLoaderUtils -- Could not detect default configuration classes for test class [dev.movieproject.movies.MoviesApplicationTests]: MoviesApplicationTests does not declare any static, non-private, non-final, nested classes annotated with @Configuration.
19:05:35.703 [main] INFO org.springframework.boot.test.context.SpringBootTestContextBootstrapper -- Found @SpringBootConfiguration dev.movieproject.movies.MoviesApplication for test class dev.movieproject.movies.MoviesApplicationTests

  .   ____          _            __ _ _
 /\\ / ___'_ __ _ _(_)_ __  __ _ \ \ \ \
( ( )\___ | '_ | '_| | '_ \/ _` | \ \ \ \
 \\/  ___)| |_)| | | | | || (_| |  ) ) ) )
  '  |____| .__|_| |_|_| |_\__, | / / / /
 =========|_|==============|___/=/_/_/_/
 :: Spring Boot ::                (v3.1.1)

2023-07-05T19:05:35.994-04:00  INFO 247561 --- [           main] m.p.springdotenv.DotenvPropertySource    : Initializing Dotenv with DotenvConfig{directory=null, filename=null, ignoreIfMalformed=false, ignoreIfMissing=true, systemProperties=false, prefix=null}
2023-07-05T19:05:36.010-04:00  INFO 247561 --- [           main] d.m.movies.MoviesApplicationTests        : Starting MoviesApplicationTests using Java 17.0.6 with PID 247561 (started by will in /home/will/Development/react-java-movies/movies)
2023-07-05T19:05:36.011-04:00  INFO 247561 --- [           main] d.m.movies.MoviesApplicationTests        : No active profile set, falling back to 1 default profile: "default"
2023-07-05T19:05:36.427-04:00  INFO 247561 --- [           main] .s.d.r.c.RepositoryConfigurationDelegate : Bootstrapping Spring Data MongoDB repositories in DEFAULT mode.
2023-07-05T19:05:36.473-04:00  INFO 247561 --- [           main] .s.d.r.c.RepositoryConfigurationDelegate : Finished Spring Data repository scanning in 42 ms. Found 4 MongoDB repository interfaces.
2023-07-05T19:05:36.908-04:00  INFO 247561 --- [           main] org.mongodb.driver.client                : MongoClient with metadata {"driver": {"name": "mongo-java-driver|sync|spring-boot", "version": "4.9.1"}, "os": {"type": "Linux", "name": "Linux", "architecture": "amd64", "version": "6.1.0-kali9-amd64"}, "platform": "Java/Debian/17.0.6+10-Debian-1"} created with settings MongoClientSettings{readPreference=primary, writeConcern=WriteConcern{w=null, wTimeout=null ms, journal=null}, retryWrites=true, retryReads=true, readConcern=ReadConcern{level=null}, credential=MongoCredential{mechanism=null, userName='user', source='admin', password=<hidden>, mechanismProperties=<hidden>}, streamFactoryFactory=null, commandListeners=[], codecRegistry=ProvidersCodecRegistry{codecProviders=[ValueCodecProvider{}, BsonValueCodecProvider{}, DBRefCodecProvider{}, DBObjectCodecProvider{}, DocumentCodecProvider{}, CollectionCodecProvider{}, IterableCodecProvider{}, MapCodecProvider{}, GeoJsonCodecProvider{}, GridFSFileCodecProvider{}, Jsr310CodecProvider{}, JsonObjectCodecProvider{}, BsonCodecProvider{}, EnumCodecProvider{}, com.mongodb.client.model.mql.ExpressionCodecProvider@1934ad7c, com.mongodb.Jep395RecordCodecProvider@b27b210]}, loggerSettings=LoggerSettings{maxDocumentLength=1000}, clusterSettings={hosts=[127.0.0.1:27017], srvHost=cluster0.8xwfx.mongodb.net, srvServiceName=mongodb, mode=MULTIPLE, requiredClusterType=REPLICA_SET, requiredReplicaSetName='atlas-brszeg-shard-0', serverSelector='null', clusterListeners='[]', serverSelectionTimeout='30000 ms', localThreshold='30000 ms'}, socketSettings=SocketSettings{connectTimeoutMS=10000, readTimeoutMS=0, receiveBufferSize=0, sendBufferSize=0}, heartbeatSocketSettings=SocketSettings{connectTimeoutMS=10000, readTimeoutMS=10000, receiveBufferSize=0, sendBufferSize=0}, connectionPoolSettings=ConnectionPoolSettings{maxSize=100, minSize=0, maxWaitTimeMS=120000, maxConnectionLifeTimeMS=0, maxConnectionIdleTimeMS=0, maintenanceInitialDelayMS=0, maintenanceFrequencyMS=60000, connectionPoolListeners=[], maxConnecting=2}, serverSettings=ServerSettings{heartbeatFrequencyMS=10000, minHeartbeatFrequencyMS=500, serverListeners='[]', serverMonitorListeners='[]'}, sslSettings=SslSettings{enabled=true, invalidHostNameAllowed=false, context=null}, applicationName='null', compressorList=[], uuidRepresentation=JAVA_LEGACY, serverApi=null, autoEncryptionSettings=null, contextProvider=null}
2023-07-05T19:05:36.936-04:00  INFO 247561 --- [wfx.mongodb.net] org.mongodb.driver.cluster               : Adding discovered server cluster0-shard-00-00.8xwfx.mongodb.net:27017 to client view of cluster
2023-07-05T19:05:36.955-04:00  INFO 247561 --- [wfx.mongodb.net] org.mongodb.driver.cluster               : Adding discovered server cluster0-shard-00-01.8xwfx.mongodb.net:27017 to client view of cluster
2023-07-05T19:05:36.956-04:00  INFO 247561 --- [wfx.mongodb.net] org.mongodb.driver.cluster               : Adding discovered server cluster0-shard-00-02.8xwfx.mongodb.net:27017 to client view of cluster
2023-07-05T19:05:37.607-04:00  INFO 247561 --- [           main] o.s.s.web.DefaultSecurityFilterChain     : Will secure any request with [org.springframework.security.web.session.DisableEncodeUrlFilter@482a58c7, org.springframework.security.web.context.request.async.WebAsyncManagerIntegrationFilter@3e74fd84, org.springframework.security.web.context.SecurityContextHolderFilter@1689527c, org.springframework.security.web.header.HeaderWriterFilter@f2fb225, org.springframework.security.web.authentication.logout.LogoutFilter@3ca17943, dev.movieproject.movies.JWT.security.jwt.AuthTokenFilter@147efd9, org.springframework.security.web.savedrequest.RequestCacheAwareFilter@1c7cd434, org.springframework.security.web.servletapi.SecurityContextHolderAwareRequestFilter@13004dd8, org.springframework.security.web.authentication.AnonymousAuthenticationFilter@1e120628, org.springframework.security.web.session.SessionManagementFilter@3070f3e6, org.springframework.security.web.access.ExceptionTranslationFilter@762a10b6, org.springframework.security.web.access.intercept.AuthorizationFilter@28e94c2]
2023-07-05T19:05:37.949-04:00  INFO 247561 --- [           main] d.m.movies.MoviesApplicationTests        : Started MoviesApplicationTests in 2.125 seconds (process running for 2.868)
2023-07-05T19:05:38.104-04:00  INFO 247561 --- [ngodb.net:27017] org.mongodb.driver.cluster               : Monitor thread successfully connected to server with description ServerDescription{address=cluster0-shard-00-00.8xwfx.mongodb.net:27017, type=REPLICA_SET_SECONDARY, state=CONNECTED, ok=true, minWireVersion=0, maxWireVersion=17, maxDocumentSize=16777216, logicalSessionTimeoutMinutes=30, roundTripTimeNanos=678770255, setName='atlas-brszeg-shard-0', canonicalAddress=cluster0-shard-00-00.8xwfx.mongodb.net:27017, hosts=[cluster0-shard-00-01.8xwfx.mongodb.net:27017, cluster0-shard-00-00.8xwfx.mongodb.net:27017, cluster0-shard-00-02.8xwfx.mongodb.net:27017], passives=[], arbiters=[], primary='cluster0-shard-00-01.8xwfx.mongodb.net:27017', tagSet=TagSet{[Tag{name='nodeType', value='ELECTABLE'}, Tag{name='provider', value='AWS'}, Tag{name='region', value='US_WEST_2'}, Tag{name='workloadType', value='OPERATIONAL'}]}, electionId=null, setVersion=7, topologyVersion=TopologyVersion{processId=648b61ec50c28e232cc23619, counter=4}, lastWriteDate=Wed Jul 05 19:05:37 EDT 2023, lastUpdateTimeNanos=29030227658818}
2023-07-05T19:05:38.104-04:00  INFO 247561 --- [ngodb.net:27017] org.mongodb.driver.cluster               : Monitor thread successfully connected to server with description ServerDescription{address=cluster0-shard-00-02.8xwfx.mongodb.net:27017, type=REPLICA_SET_SECONDARY, state=CONNECTED, ok=true, minWireVersion=0, maxWireVersion=17, maxDocumentSize=16777216, logicalSessionTimeoutMinutes=30, roundTripTimeNanos=680890604, setName='atlas-brszeg-shard-0', canonicalAddress=cluster0-shard-00-02.8xwfx.mongodb.net:27017, hosts=[cluster0-shard-00-01.8xwfx.mongodb.net:27017, cluster0-shard-00-00.8xwfx.mongodb.net:27017, cluster0-shard-00-02.8xwfx.mongodb.net:27017], passives=[], arbiters=[], primary='cluster0-shard-00-01.8xwfx.mongodb.net:27017', tagSet=TagSet{[Tag{name='nodeType', value='ELECTABLE'}, Tag{name='provider', value='AWS'}, Tag{name='region', value='US_WEST_2'}, Tag{name='workloadType', value='OPERATIONAL'}]}, electionId=null, setVersion=7, topologyVersion=TopologyVersion{processId=648b64faaa482eff6bfd19f1, counter=3}, lastWriteDate=Wed Jul 05 19:05:37 EDT 2023, lastUpdateTimeNanos=29030227519154}
2023-07-05T19:05:38.104-04:00  INFO 247561 --- [ngodb.net:27017] org.mongodb.driver.cluster               : Monitor thread successfully connected to server with description ServerDescription{address=cluster0-shard-00-01.8xwfx.mongodb.net:27017, type=REPLICA_SET_PRIMARY, state=CONNECTED, ok=true, minWireVersion=0, maxWireVersion=17, maxDocumentSize=16777216, logicalSessionTimeoutMinutes=30, roundTripTimeNanos=677446068, setName='atlas-brszeg-shard-0', canonicalAddress=cluster0-shard-00-01.8xwfx.mongodb.net:27017, hosts=[cluster0-shard-00-01.8xwfx.mongodb.net:27017, cluster0-shard-00-00.8xwfx.mongodb.net:27017, cluster0-shard-00-02.8xwfx.mongodb.net:27017], passives=[], arbiters=[], primary='cluster0-shard-00-01.8xwfx.mongodb.net:27017', tagSet=TagSet{[Tag{name='nodeType', value='ELECTABLE'}, Tag{name='provider', value='AWS'}, Tag{name='region', value='US_WEST_2'}, Tag{name='workloadType', value='OPERATIONAL'}]}, electionId=7fffffff000000000000006d, setVersion=7, topologyVersion=TopologyVersion{processId=648b638ac4361be9256ac6e7, counter=6}, lastWriteDate=Wed Jul 05 19:05:37 EDT 2023, lastUpdateTimeNanos=29030224031412}
2023-07-05T19:05:38.108-04:00  INFO 247561 --- [ngodb.net:27017] org.mongodb.driver.cluster               : Discovered replica set primary cluster0-shard-00-01.8xwfx.mongodb.net:27017 with max election id 7fffffff000000000000006d and max set version 7
]]></system-out>
  </testcase>
</testsuite>